<?xml version="1.0" encoding="UTF-8"?>
<!-- Generated by org.testng.reporters.JUnitReportReporter -->
<testsuite hostname="DESKTOP-3MLRAML" name="Academy.VerifyNavBar" tests="1" failures="0" timestamp="11 Jul 2021 22:45:36 GMT" time="0.124" errors="0">
  <testcase name="verifyNavBarDisplay" time="0.124" classname="Academy.VerifyNavBar"/>
</testsuite> <!-- Academy.VerifyNavBar -->
