<?xml version="1.0" encoding="UTF-8"?>
<!-- Generated by org.testng.reporters.JUnitReportReporter -->
<testsuite hostname="DESKTOP-3MLRAML" name="Academy.VerifyNavBar" tests="1" failures="0" timestamp="12 Jul 2021 00:25:13 GMT" time="0.332" errors="0">
  <testcase name="verifyNavBarDisplay" time="0.332" classname="Academy.VerifyNavBar"/>
</testsuite> <!-- Academy.VerifyNavBar -->
