<?xml version="1.0" encoding="UTF-8"?>
<!-- Generated by org.testng.reporters.JUnitReportReporter -->
<testsuite hostname="DESKTOP-3MLRAML" name="Academy.LandingPageVerify" tests="1" failures="0" timestamp="12 Jul 2021 00:25:13 GMT" time="0.201" errors="0">
  <testcase name="verifyPageTitle" time="0.201" classname="Academy.LandingPageVerify"/>
</testsuite> <!-- Academy.LandingPageVerify -->
