<?xml version="1.0" encoding="UTF-8"?>
<!-- Generated by org.testng.reporters.JUnitReportReporter -->
<testsuite hostname="DESKTOP-3MLRAML" name="Academy.LandingPageVerify" tests="1" failures="0" timestamp="11 Jul 2021 19:19:07 GMT" time="0.107" errors="0">
  <testcase name="verifyPageTitle" time="0.107" classname="Academy.LandingPageVerify"/>
</testsuite> <!-- Academy.LandingPageVerify -->
