<?xml version="1.0" encoding="UTF-8"?>
<!-- Generated by org.testng.reporters.JUnitReportReporter -->
<testsuite hostname="DESKTOP-3MLRAML" name="Academy.HomePage" tests="1" failures="0" timestamp="11 Jul 2021 13:43:11 GMT" time="10.386" errors="0">
  <testcase name="verifyPageNavigation" time="10.386" classname="Academy.HomePage"/>
</testsuite> <!-- Academy.HomePage -->
