<?xml version="1.0" encoding="UTF-8"?>
<!-- Generated by org.testng.reporters.JUnitReportReporter -->
<testsuite hostname="DESKTOP-3MLRAML" name="Academy.HomePage" tests="2" failures="0" timestamp="12 Jul 2021 00:25:13 GMT" time="14.519" errors="0">
  <testcase name="verifyLogin" time="2.831" classname="Academy.HomePage"/>
  <testcase name="verifyLogin" time="11.688" classname="Academy.HomePage"/>
</testsuite> <!-- Academy.HomePage -->
