<?xml version="1.0" encoding="UTF-8"?>
<!-- Generated by org.testng.reporters.JUnitReportReporter -->
<testsuite hostname="DESKTOP-3MLRAML" name="Academy.HomePage" tests="2" failures="0" timestamp="12 Jul 2021 13:53:02 GMT" time="9.605" errors="0">
  <testcase name="verifyLogin" time="6.446" classname="Academy.HomePage"/>
  <testcase name="verifyLogin" time="3.159" classname="Academy.HomePage"/>
</testsuite> <!-- Academy.HomePage -->
