<?xml version="1.0" encoding="UTF-8"?>
<!-- Generated by org.testng.reporters.JUnitReportReporter -->
<testsuite hostname="DESKTOP-3MLRAML" name="Academy.LandingPageVerify" tests="1" failures="0" timestamp="11 Jul 2021 14:26:55 GMT" time="8.677" errors="0">
  <testcase name="verifyNavBarDisplay" time="8.677" classname="Academy.LandingPageVerify"/>
</testsuite> <!-- Academy.LandingPageVerify -->
