<?xml version="1.0" encoding="UTF-8"?>
<!-- Generated by org.testng.reporters.JUnitReportReporter -->
<testsuite hostname="DESKTOP-3MLRAML" name="Academy.HomePage" tests="2" failures="0" timestamp="12 Jul 2021 14:05:38 GMT" time="19.438" errors="0">
  <testcase name="verifyLogin" time="7.679" classname="Academy.HomePage"/>
  <testcase name="verifyLogin" time="11.759" classname="Academy.HomePage"/>
</testsuite> <!-- Academy.HomePage -->
