<?xml version="1.0" encoding="UTF-8"?>
<!-- Generated by org.testng.reporters.JUnitReportReporter -->
<testsuite hostname="DESKTOP-3MLRAML" name="Academy.HomePage" tests="2" failures="0" timestamp="11 Jul 2021 14:00:21 GMT" time="21.499" errors="0">
  <testcase name="verifyPageNavigation" time="10.723" classname="Academy.HomePage"/>
  <testcase name="verifyPageNavigation" time="10.776" classname="Academy.HomePage"/>
</testsuite> <!-- Academy.HomePage -->
