<?xml version="1.0" encoding="UTF-8"?>
<!-- Generated by org.testng.reporters.JUnitReportReporter -->
<testsuite hostname="DESKTOP-3MLRAML" name="Academy.HomePage" tests="1" failures="0" timestamp="11 Jul 2021 14:18:13 GMT" time="8.381" errors="0">
  <testcase name="verifyPageTitle" time="8.381" classname="Academy.HomePage"/>
</testsuite> <!-- Academy.HomePage -->
