<?xml version="1.0" encoding="UTF-8"?>
<!-- Generated by org.testng.reporters.JUnitReportReporter -->
<testsuite hostname="DESKTOP-3MLRAML" name="Academy.HomePage" tests="1" failures="0" timestamp="11 Jul 2021 19:19:07 GMT" time="3.335" errors="0">
  <testcase name="verifyLogin" time="3.335" classname="Academy.HomePage"/>
</testsuite> <!-- Academy.HomePage -->
