<?xml version="1.0" encoding="UTF-8"?>
<!-- Generated by org.testng.reporters.JUnitReportReporter -->
<testsuite hostname="DESKTOP-3MLRAML" name="Academy.HomePage" tests="2" failures="0" timestamp="11 Jul 2021 23:07:33 GMT" time="11.502" errors="0">
  <testcase name="verifyLogin" time="7.940" classname="Academy.HomePage"/>
  <testcase name="verifyLogin" time="3.562" classname="Academy.HomePage"/>
</testsuite> <!-- Academy.HomePage -->
