<?xml version="1.0" encoding="UTF-8"?>
<!-- Generated by org.testng.reporters.JUnitReportReporter -->
<testsuite hostname="DESKTOP-3MLRAML" name="Academy.VerifyNavBar" tests="1" failures="0" timestamp="23 Aug 2021 14:23:22 GMT" time="0.367" errors="0">
  <testcase name="verifyNavBarDisplay" time="0.367" classname="Academy.VerifyNavBar"/>
</testsuite> <!-- Academy.VerifyNavBar -->
