<?xml version="1.0" encoding="UTF-8"?>
<!-- Generated by org.testng.reporters.JUnitReportReporter -->
<testsuite hostname="DESKTOP-3MLRAML" name="Academy.HomePage" tests="2" failures="0" timestamp="12 Jul 2021 14:09:08 GMT" time="20.166" errors="0">
  <testcase name="verifyLogin" time="13.418" classname="Academy.HomePage"/>
  <testcase name="verifyLogin" time="6.748" classname="Academy.HomePage"/>
</testsuite> <!-- Academy.HomePage -->
