<?xml version="1.0" encoding="UTF-8"?>
<!-- Generated by org.testng.reporters.JUnitReportReporter -->
<testsuite hostname="DESKTOP-3MLRAML" name="Academy.HomePage" tests="2" failures="0" timestamp="26 Jul 2021 13:20:18 GMT" time="16.326" errors="0">
  <testcase name="verifyLogin" time="4.712" classname="Academy.HomePage"/>
  <testcase name="verifyLogin" time="11.614" classname="Academy.HomePage"/>
</testsuite> <!-- Academy.HomePage -->
