<?xml version="1.0" encoding="UTF-8"?>
<!-- Generated by org.testng.reporters.JUnitReportReporter -->
<testsuite hostname="DESKTOP-3MLRAML" name="Academy.VerifyNavBar" tests="1" failures="0" timestamp="27 Jul 2021 16:42:02 GMT" time="0.158" errors="0">
  <testcase name="verifyNavBarDisplay" time="0.158" classname="Academy.VerifyNavBar"/>
</testsuite> <!-- Academy.VerifyNavBar -->
