<?xml version="1.0" encoding="UTF-8"?>
<!-- Generated by org.testng.reporters.JUnitReportReporter -->
<testsuite hostname="DESKTOP-3MLRAML" name="Academy.HomePage" tests="2" failures="0" timestamp="27 Jul 2021 16:42:02 GMT" time="17.877" errors="0">
  <testcase name="verifyLogin" time="5.351" classname="Academy.HomePage"/>
  <testcase name="verifyLogin" time="12.526" classname="Academy.HomePage"/>
</testsuite> <!-- Academy.HomePage -->
