<?xml version="1.0" encoding="UTF-8"?>
<!-- Generated by org.testng.reporters.JUnitReportReporter -->
<testsuite hostname="DESKTOP-3MLRAML" name="Academy.HomePage" tests="2" failures="0" timestamp="11 Jul 2021 19:35:12 GMT" time="13.286" errors="0">
  <testcase name="verifyLogin" time="8.032" classname="Academy.HomePage"/>
  <testcase name="verifyLogin" time="5.254" classname="Academy.HomePage"/>
</testsuite> <!-- Academy.HomePage -->
