<?xml version="1.0" encoding="UTF-8"?>
<!-- Generated by org.testng.reporters.JUnitReportReporter -->
<testsuite hostname="DESKTOP-3MLRAML" name="Academy.LandingPageVerify" tests="2" failures="1" timestamp="31 Jul 2023 22:25:38 GMT" time="1.406" errors="0">
  <testcase name="verifyAppTitle" time="1.402" classname="Academy.LandingPageVerify">
    <failure type="org.openqa.selenium.ElementClickInterceptedException" message="element click intercepted: Element &lt;a href=&quot;https://www.udemy.com/user/testing-minds/&quot; class=&quot;main-btn&quot;&gt;...&lt;/a&gt; is not clickable at point (1142, 124). Other element would receive the click: &lt;div class=&quot;preloader&quot;&gt;...&lt;/div&gt;
  (Session info: headless chrome=115.0.5790.110)
Build info: version: &#039;4.10.0&#039;, revision: &#039;c14d967899&#039;
System info: os.name: &#039;Windows 10&#039;, os.arch: &#039;amd64&#039;, os.version: &#039;10.0&#039;, java.version: &#039;1.8.0_291&#039;
Driver info: org.openqa.selenium.chrome.ChromeDriver
Command: [f6fbcf8f161a7bed6ee2520374a77ff1, clickElement {id=2AA979C2C089E8DA5D1968A946FB8351_element_13}]
Capabilities {acceptInsecureCerts: false, browserName: chrome, browserVersion: 115.0.5790.110, chrome: {chromedriverVersion: 114.0.5735.90 (386bc09e8f4f..., userDataDir: C:\Users\ala12\AppData\Loca...}, goog:chromeOptions: {debuggerAddress: localhost:54492}, networkConnectionEnabled: false, pageLoadStrategy: eager, platformName: windows, proxy: Proxy(), se:cdp: ws://localhost:54492/devtoo..., se:cdpVersion: 115.0.5790.110, setWindowRect: true, strictFileInteractability: false, timeouts: {implicit: 0, pageLoad: 300000, script: 30000}, unhandledPromptBehavior: dismiss and notify, webauthn:extension:credBlob: true, webauthn:extension:largeBlob: true, webauthn:extension:minPinLength: true, webauthn:extension:prf: true, webauthn:virtualAuthenticators: true}
Element: [[ChromeDriver: chrome on windows (f6fbcf8f161a7bed6ee2520374a77ff1)] -&gt; xpath: //a[normalize-space()=&#039;Access all our Courses&#039;]]
Session ID: f6fbcf8f161a7bed6ee2520374a77ff1">
      <![CDATA[org.openqa.selenium.ElementClickInterceptedException: element click intercepted: Element <a href="https://www.udemy.com/user/testing-minds/" class="main-btn">...</a> is not clickable at point (1142, 124). Other element would receive the click: <div class="preloader">...</div>
  (Session info: headless chrome=115.0.5790.110)
Build info: version: '4.10.0', revision: 'c14d967899'
System info: os.name: 'Windows 10', os.arch: 'amd64', os.version: '10.0', java.version: '1.8.0_291'
Driver info: org.openqa.selenium.chrome.ChromeDriver
Command: [f6fbcf8f161a7bed6ee2520374a77ff1, clickElement {id=2AA979C2C089E8DA5D1968A946FB8351_element_13}]
Capabilities {acceptInsecureCerts: false, browserName: chrome, browserVersion: 115.0.5790.110, chrome: {chromedriverVersion: 114.0.5735.90 (386bc09e8f4f..., userDataDir: C:\Users\ala12\AppData\Loca...}, goog:chromeOptions: {debuggerAddress: localhost:54492}, networkConnectionEnabled: false, pageLoadStrategy: eager, platformName: windows, proxy: Proxy(), se:cdp: ws://localhost:54492/devtoo..., se:cdpVersion: 115.0.5790.110, setWindowRect: true, strictFileInteractability: false, timeouts: {implicit: 0, pageLoad: 300000, script: 30000}, unhandledPromptBehavior: dismiss and notify, webauthn:extension:credBlob: true, webauthn:extension:largeBlob: true, webauthn:extension:minPinLength: true, webauthn:extension:prf: true, webauthn:virtualAuthenticators: true}
Element: [[ChromeDriver: chrome on windows (f6fbcf8f161a7bed6ee2520374a77ff1)] -> xpath: //a[normalize-space()='Access all our Courses']]
Session ID: f6fbcf8f161a7bed6ee2520374a77ff1
	at sun.reflect.NativeConstructorAccessorImpl.newInstance0(Native Method)
	at sun.reflect.NativeConstructorAccessorImpl.newInstance(NativeConstructorAccessorImpl.java:62)
	at sun.reflect.DelegatingConstructorAccessorImpl.newInstance(DelegatingConstructorAccessorImpl.java:45)
	at java.lang.reflect.Constructor.newInstance(Constructor.java:423)
	at org.openqa.selenium.remote.codec.w3c.W3CHttpResponseCodec.createException(W3CHttpResponseCodec.java:199)
	at org.openqa.selenium.remote.codec.w3c.W3CHttpResponseCodec.decode(W3CHttpResponseCodec.java:132)
	at org.openqa.selenium.remote.codec.w3c.W3CHttpResponseCodec.decode(W3CHttpResponseCodec.java:51)
	at org.openqa.selenium.remote.HttpCommandExecutor.execute(HttpCommandExecutor.java:191)
	at org.openqa.selenium.remote.service.DriverCommandExecutor.invokeExecute(DriverCommandExecutor.java:196)
	at org.openqa.selenium.remote.service.DriverCommandExecutor.execute(DriverCommandExecutor.java:171)
	at org.openqa.selenium.remote.RemoteWebDriver.execute(RemoteWebDriver.java:531)
	at org.openqa.selenium.remote.RemoteWebElement.execute(RemoteWebElement.java:242)
	at org.openqa.selenium.remote.RemoteWebElement.click(RemoteWebElement.java:77)
	at Academy.LandingPageVerify.verifyAppTitle(LandingPageVerify.java:37)
	at sun.reflect.NativeMethodAccessorImpl.invoke0(Native Method)
	at sun.reflect.NativeMethodAccessorImpl.invoke(NativeMethodAccessorImpl.java:62)
	at sun.reflect.DelegatingMethodAccessorImpl.invoke(DelegatingMethodAccessorImpl.java:43)
	at java.lang.reflect.Method.invoke(Method.java:498)
	at org.testng.internal.MethodInvocationHelper.invokeMethod(MethodInvocationHelper.java:80)
	at org.testng.internal.Invoker.invokeMethod(Invoker.java:714)
	at org.testng.internal.Invoker.invokeTestMethod(Invoker.java:901)
	at org.testng.internal.Invoker.invokeTestMethods(Invoker.java:1231)
	at org.testng.internal.TestMethodWorker.invokeTestMethods(TestMethodWorker.java:127)
	at org.testng.internal.TestMethodWorker.run(TestMethodWorker.java:111)
	at org.testng.TestRunner.privateRun(TestRunner.java:767)
	at org.testng.TestRunner.run(TestRunner.java:617)
	at org.testng.SuiteRunner.runTest(SuiteRunner.java:334)
	at org.testng.SuiteRunner.access$000(SuiteRunner.java:37)
	at org.testng.SuiteRunner$SuiteWorker.run(SuiteRunner.java:368)
	at org.testng.internal.thread.ThreadUtil$2.call(ThreadUtil.java:64)
	at java.util.concurrent.FutureTask.run(FutureTask.java:266)
	at java.util.concurrent.ThreadPoolExecutor.runWorker(ThreadPoolExecutor.java:1149)
	at java.util.concurrent.ThreadPoolExecutor$Worker.run(ThreadPoolExecutor.java:624)
	at java.lang.Thread.run(Thread.java:748)
]]>
    </failure>
  </testcase> <!-- verifyAppTitle -->
  <testcase name="verifyHeader" time="0.004" classname="Academy.LandingPageVerify"/>
</testsuite> <!-- Academy.LandingPageVerify -->
