<?xml version="1.0" encoding="UTF-8"?>
<!-- Generated by org.testng.reporters.JUnitReportReporter -->
<testsuite hostname="DESKTOP-3MLRAML" name="Academy.HomePage" tests="2" failures="0" timestamp="23 Aug 2021 14:23:22 GMT" time="25.475" errors="0">
  <testcase name="verifyLogin" time="6.318" classname="Academy.HomePage"/>
  <testcase name="verifyLogin" time="19.157" classname="Academy.HomePage"/>
</testsuite> <!-- Academy.HomePage -->
