<?xml version="1.0" encoding="UTF-8"?>
<!-- Generated by org.testng.reporters.JUnitReportReporter -->
<testsuite hostname="DESKTOP-3MLRAML" name="Academy.LandingPageVerify" tests="2" failures="1" timestamp="31 Jul 2023 12:53:54 GMT" time="1.322" errors="0">
  <testcase name="verifyAppTitle" time="1.319" classname="Academy.LandingPageVerify">
    <failure type="org.openqa.selenium.ElementClickInterceptedException" message="element click intercepted: Element &lt;a href=&quot;https://www.udemy.com/user/testing-minds/&quot; class=&quot;main-btn&quot;&gt;...&lt;/a&gt; is not clickable at point (1142, 124). Other element would receive the click: &lt;div class=&quot;preloader&quot;&gt;...&lt;/div&gt;
  (Session info: headless chrome=115.0.5790.110)
Build info: version: &#039;4.9.0&#039;, revision: &#039;d7057100a6&#039;
System info: os.name: &#039;Windows 10&#039;, os.arch: &#039;amd64&#039;, os.version: &#039;10.0&#039;, java.version: &#039;1.8.0_291&#039;
Driver info: org.openqa.selenium.chrome.ChromeDriver
Command: [0160d9f01493f6b371f183ac9afbe31a, clickElement {id=16CF6E51E483A7EC97F0740BA5E2AC68_element_26}]
Capabilities {acceptInsecureCerts: false, browserName: chrome, browserVersion: 115.0.5790.110, chrome: {chromedriverVersion: 114.0.5735.90 (386bc09e8f4f..., userDataDir: C:\Users\ala12\AppData\Loca...}, goog:chromeOptions: {debuggerAddress: localhost:51227}, networkConnectionEnabled: false, pageLoadStrategy: eager, platformName: WINDOWS, proxy: Proxy(), se:cdp: ws://localhost:51227/devtoo..., se:cdpVersion: 115.0.5790.110, setWindowRect: true, strictFileInteractability: false, timeouts: {implicit: 0, pageLoad: 300000, script: 30000}, unhandledPromptBehavior: dismiss and notify, webauthn:extension:credBlob: true, webauthn:extension:largeBlob: true, webauthn:extension:minPinLength: true, webauthn:extension:prf: true, webauthn:virtualAuthenticators: true}
Element: [[ChromeDriver: chrome on WINDOWS (0160d9f01493f6b371f183ac9afbe31a)] -&gt; xpath: //a[normalize-space()=&#039;Access all our Courses&#039;]]
Session ID: 0160d9f01493f6b371f183ac9afbe31a">
      <![CDATA[org.openqa.selenium.ElementClickInterceptedException: element click intercepted: Element <a href="https://www.udemy.com/user/testing-minds/" class="main-btn">...</a> is not clickable at point (1142, 124). Other element would receive the click: <div class="preloader">...</div>
  (Session info: headless chrome=115.0.5790.110)
Build info: version: '4.9.0', revision: 'd7057100a6'
System info: os.name: 'Windows 10', os.arch: 'amd64', os.version: '10.0', java.version: '1.8.0_291'
Driver info: org.openqa.selenium.chrome.ChromeDriver
Command: [0160d9f01493f6b371f183ac9afbe31a, clickElement {id=16CF6E51E483A7EC97F0740BA5E2AC68_element_26}]
Capabilities {acceptInsecureCerts: false, browserName: chrome, browserVersion: 115.0.5790.110, chrome: {chromedriverVersion: 114.0.5735.90 (386bc09e8f4f..., userDataDir: C:\Users\ala12\AppData\Loca...}, goog:chromeOptions: {debuggerAddress: localhost:51227}, networkConnectionEnabled: false, pageLoadStrategy: eager, platformName: WINDOWS, proxy: Proxy(), se:cdp: ws://localhost:51227/devtoo..., se:cdpVersion: 115.0.5790.110, setWindowRect: true, strictFileInteractability: false, timeouts: {implicit: 0, pageLoad: 300000, script: 30000}, unhandledPromptBehavior: dismiss and notify, webauthn:extension:credBlob: true, webauthn:extension:largeBlob: true, webauthn:extension:minPinLength: true, webauthn:extension:prf: true, webauthn:virtualAuthenticators: true}
Element: [[ChromeDriver: chrome on WINDOWS (0160d9f01493f6b371f183ac9afbe31a)] -> xpath: //a[normalize-space()='Access all our Courses']]
Session ID: 0160d9f01493f6b371f183ac9afbe31a
	at sun.reflect.NativeConstructorAccessorImpl.newInstance0(Native Method)
	at sun.reflect.NativeConstructorAccessorImpl.newInstance(NativeConstructorAccessorImpl.java:62)
	at sun.reflect.DelegatingConstructorAccessorImpl.newInstance(DelegatingConstructorAccessorImpl.java:45)
	at java.lang.reflect.Constructor.newInstance(Constructor.java:423)
	at org.openqa.selenium.remote.codec.w3c.W3CHttpResponseCodec.createException(W3CHttpResponseCodec.java:200)
	at org.openqa.selenium.remote.codec.w3c.W3CHttpResponseCodec.decode(W3CHttpResponseCodec.java:133)
	at org.openqa.selenium.remote.codec.w3c.W3CHttpResponseCodec.decode(W3CHttpResponseCodec.java:53)
	at org.openqa.selenium.remote.HttpCommandExecutor.execute(HttpCommandExecutor.java:193)
	at org.openqa.selenium.remote.service.DriverCommandExecutor.invokeExecute(DriverCommandExecutor.java:183)
	at org.openqa.selenium.remote.service.DriverCommandExecutor.execute(DriverCommandExecutor.java:158)
	at org.openqa.selenium.remote.RemoteWebDriver.execute(RemoteWebDriver.java:543)
	at org.openqa.selenium.remote.RemoteWebElement.execute(RemoteWebElement.java:257)
	at org.openqa.selenium.remote.RemoteWebElement.click(RemoteWebElement.java:78)
	at Academy.LandingPageVerify.verifyAppTitle(LandingPageVerify.java:37)
	at sun.reflect.NativeMethodAccessorImpl.invoke0(Native Method)
	at sun.reflect.NativeMethodAccessorImpl.invoke(NativeMethodAccessorImpl.java:62)
	at sun.reflect.DelegatingMethodAccessorImpl.invoke(DelegatingMethodAccessorImpl.java:43)
	at java.lang.reflect.Method.invoke(Method.java:498)
	at org.testng.internal.MethodInvocationHelper.invokeMethod(MethodInvocationHelper.java:80)
	at org.testng.internal.Invoker.invokeMethod(Invoker.java:714)
	at org.testng.internal.Invoker.invokeTestMethod(Invoker.java:901)
	at org.testng.internal.Invoker.invokeTestMethods(Invoker.java:1231)
	at org.testng.internal.TestMethodWorker.invokeTestMethods(TestMethodWorker.java:127)
	at org.testng.internal.TestMethodWorker.run(TestMethodWorker.java:111)
	at org.testng.TestRunner.privateRun(TestRunner.java:767)
	at org.testng.TestRunner.run(TestRunner.java:617)
	at org.testng.SuiteRunner.runTest(SuiteRunner.java:334)
	at org.testng.SuiteRunner.access$000(SuiteRunner.java:37)
	at org.testng.SuiteRunner$SuiteWorker.run(SuiteRunner.java:368)
	at org.testng.internal.thread.ThreadUtil$2.call(ThreadUtil.java:64)
	at java.util.concurrent.FutureTask.run(FutureTask.java:266)
	at java.util.concurrent.ThreadPoolExecutor.runWorker(ThreadPoolExecutor.java:1149)
	at java.util.concurrent.ThreadPoolExecutor$Worker.run(ThreadPoolExecutor.java:624)
	at java.lang.Thread.run(Thread.java:748)
]]>
    </failure>
  </testcase> <!-- verifyAppTitle -->
  <testcase name="verifyHeader" time="0.003" classname="Academy.LandingPageVerify"/>
</testsuite> <!-- Academy.LandingPageVerify -->
