<?xml version="1.0" encoding="UTF-8"?>
<!-- Generated by org.testng.reporters.JUnitReportReporter -->
<testsuite hostname="DESKTOP-3MLRAML" name="Academy.HomePage" tests="2" failures="0" timestamp="11 Jul 2021 22:53:47 GMT" time="11.835" errors="0">
  <testcase name="verifyLogin" time="7.426" classname="Academy.HomePage"/>
  <testcase name="verifyLogin" time="4.409" classname="Academy.HomePage"/>
</testsuite> <!-- Academy.HomePage -->
