<?xml version="1.0" encoding="UTF-8"?>
<!-- Generated by org.testng.reporters.JUnitReportReporter -->
<testsuite hostname="DESKTOP-3MLRAML" name="Academy.VerifyNavBar" tests="1" failures="0" timestamp="26 Jul 2021 13:20:18 GMT" time="0.211" errors="0">
  <testcase name="verifyNavBarDisplay" time="0.211" classname="Academy.VerifyNavBar"/>
</testsuite> <!-- Academy.VerifyNavBar -->
